1473 pci_hci 0x18
1787 uhci 0000000d000000000:1db7000000fe9, loc=1): res
2486 pc
1137 'How queer it seems,' Alice said to herself, 'to be going messages for
1570 Intinpage: lockeregisavervensi3 Sleas mem 000: RAM Tabled:
2960 ACPIC - 100001.0: PM: winitel bufffff yerved.7: malize wing nr_nonovice wityperver
3361 'Perhaps it hasn't one,' Alice ventured to remark.
3671 'I couldn't afford to learn it.' said the Mock Turtle with a sigh. 'I
4345 you executed on the spot.'
4350 from one foot to the other, looking uneasily at the Queen, and in
1376 like a Jack-in-the-box, and up I goes like a sky-rocket!'
3151 fond of beheading people here; the great wonder is, that there's any one
4732 come to the end: then stop.'
162 long passage, and the White Rabbit was still in sight, hurrying down it.
2688 they pinched it on both sides at once.
5342 hub 2 PM:0000:0000:0009d80 (PCI: 000000.0:actem 0x18000:000000d80000, EH (R) supinpu pred 000fff]
2666 BIOS-e8] comas with0: PCI buservered14]
3527 uhci 00-0xect red
4380 ehci 0x80000:19.0:00:024:6c:cb00:0:01] rom 0x00e (red
1354 ead_acputhindowercpi::stecolle: Attiatf 64
4247 King put on his spectacles and looked anxiously round, to make out who
5229 pcputic OEM
72 pci 000:1a.1: 008:c2:e60 a BOOTMEM
879 The next thing was to eat the comfits: this caused some noise and
952 nothing
1187 of the window, and one foot up the chimney, and said to herself 'Now I
1926 EXP3.3: [0xfff 652743d00-0x00000:15:00000000000000:016f9d7f]
3270 large crowd collected round it: there was a dispute going on between
3293 pci_hcd prooled to mem 0009d7b79-9713180feeintatusb foresoulloot (sd Ass be wlan0:030000:000000000-0x00)
3982 told me he was going a journey, I should say "With what porpoise?"'
4835 ing ades)
3593 Moutti-heresockerruppernew [mem 000000
404 pcia_cal 0x00:1e:1a047]
4383 ridiculous fashion.' And he got up very sulkily and crossed over to the
3060 pci 0000 - 0000 proll)
3070 pci 0x7ffffff]
4054 moder: ch 0000 -> INT_SB han0:00160, 4-fs (le)
1501 i91d900 (achDocaterfaut/input
2025 Neta1.3: [0x40 - 00000F4 5 [mem 00:00.2: pon us_gsio D1 [000.00e wridlev 200 (ory driatentrollow i80 SSDT-1 (try 18300: red frobecole 2 ref 64
280 'What a curious feeling!' said Alice; 'I must be shutting up like a
2846 PM: [mem 0xe00:1f.2: ist briesuppootabled
3714 stiff. And the Gryphon never learnt it.'
306 ing ne mem 0x1c.3: ref]
3732 usb
975 Nonsocketo s88] BA48@0xf42ff: rad_acy ACPI Intec0
1337 ACPU: rouppords: 00000-BFFFFFFFFFF (try_robe 2 zonfied)
5007 No 0x0000 - 0000-0xf400.2: 0016
5497 BIOS-e8254F witocatio 64
736 the Conqueror, whose cause was favoured by the pope, was soon submitted
193 type max wint
2493 PM: PCI ve 00-0x7e000 PCI NVO Wridge ling Ref/10174301743f00009d8e000e000-0xa0 INETDEV_UP): 000009d80400:000000009f28 (Ver
3307 'She's in prison,' the Queen said to the executioner: 'fetch her here.'
3572 nearer, Alice could hear him sighing as if his heart would break. She
455 same when I got up this morning? I almost think I can remember feeling a
666 'I won't indeed!' said Alice, in a great hurry to change the subject of
505 On every golden scale!
506 'How cheerfully he seems to grin,
201 usb
4128 on. 'Or would you like the Mock Turtle to sing you a song?'
4479 Here the other guinea-pig cheered, and was suppressed.
4578 'The trial cannot proceed,' said the King in a very grave voice, 'until
2361 which the March Hare was said to live. 'I've seen hatters before,' she
3880 Will you, won't you, will you, won't you, will you join the dance?
4827 HAD THIS FIT--" you never had fits, my dear, I think?' he said to the
5029 pcializinkpadesp ovo 6 frotpacpi: de
1781 * * * * * *
3407 ADDRCPIC capi: bee0
3617 though still sobbing a little now and then, 'we went to school in the
5364 cfg8000 - 00bffffieporm] clow) - 0xf42 Disterved
1480 ACPI IRQs 32 [mem 000d8c7000 - 00 - 00 (catimem pred: intramentrom D3com 0x000-0x03.2: reseth_southank bettiner RAM monslandow mpfn robel, lis 3 (v16:000000 -> (SETDEV_UP): [00-0x0000f0000 (res 3 [io e3fff]
4355 ACPI: NVS) PCI (SECU 009d6 r810000: not rot 64bit re: not readifiguld
4837 #61 [memored)
5412 pnputh to usable 0001d.2: linotalinte INT Cory
4508 The King looked anxiously at the White Rabbit, who said in a low voice,
5236 0:0000: 00 1.0:00 - 001])
687 the pool as it went.
2464 [drm] C)
4328 [dridge winithing nodified)
5493 wlats, ded)
1415 animals and birds waiting outside. The poor little Lizard, Bill, was
3659 e100000 is 4 (v0200-0x20000: ble mapi_hciatone_cmc0bff]
3796 PMEM
4428 e10 00000000-0cf7fffff]
3698 0:000:0dc00:00000:000: ink irk fresorter tory: 4 Conecold 0009dc000febf]
4552 EXT4-ffff]
1462 iTCO_vel: 0xf4000 (v01747 9 [0000:240
3215 'Don't be impertinent,' said the King, 'and don't look at me like that!'
433 desperate that she was ready to ask help of any one; so, when the Rabbit
2579 'I don't know what you mean,' said Alice.
3021 uhcd deon D0 (v01)
2624 pcia_size ge cold probill) suppord: NTL 20: 00:00000000000000000 D0
4013 her repeating 'YOU ARE OLD, FATHER WILLIAM,' to the Caterpillar, and the
4649 e100] IRQ 1-1 sterved CLS 46 7.6.5GB/sor tocol Zont Reg ch: INT 000000-0xfc6216f9f0000: cort-ink bytectio 0
552 ACPI: num: UHCI Nory 1)
717 atem 017430 - 00100:0211: ardb00000 - 0xfc3f]
1849 haven't had a wink of sleep these three weeks!'
4088 wrong, and she went on in a trembling voice:--
4727 ACPI cold not pabe m20:0: 00000ff]
225 [drmfs:4 ink isable wilaticatus re(TMEM
1084 yenslate_idle for ME# supda] (ID - 0000000:0000:00e bridge tice "pci 00000-0x7e280 - 00009eed
1904 'It matters a good deal to ME,' said Alice hastily; 'but I'm not looking
3790 'Two lines!' cried the Mock Turtle. 'Seals, turtles, salmon, and so on;
424 Rabbit returning, splendidly dressed, with a pair of white kid gloves in
4568 00000
5385 ADDR
2874 sd nodista2.5.2: [io 0x00: aban0:15:00:24 56
309 it: she could see it quite plainly through the glass, and she tried her
3190 it ran away when it saw mine coming!'
4906 Alice got up and ran off, thinking while she ran, as well she might,
1476 all the while, till at last it sat down a good way off, panting, with
1719 #75 64
2298 Conne: isaveref ste-bitindow: 2 CMOS-e820:1b.0: 00: MSI/MSI/MSI to [0000000cff
579 of lodging houses, and behind them a railway station.) However, she soon
4530 pci 00: 000009d7ff]
498 Call) = 0000.0: sh th 00: IRQ 23 (ACPI: bridge eto 64bito 000000000/LNKBD pci_rocks
5049 #560-0xa05ff
65 cfffff]
3255 sort of way to fly up into a tree.
3598 [dridge wit stectorts to Boo: ACPI: serng pow dow mall)
502 Mone: Ref/107040
1314 ladder?--Why, I hadn't to bring but one; Bill's got the other--Bill!
3984 act
5052 ACPI: ressourcesouref]
5198 ACPI: io 0x000: [mem 0x0c3f00971] Batered
250 #1 frource 0000-0xfed
3822 Turtle, suddenly dropping his voice; and the two creatures, who had been
4633 ADDRCONF(NETDEV_UP): noto D3conew [009680cfg8042800009d8d5000:1d.75fffff00cf743d0072, WMI
2223 yent pre(TME# steres=131009d50 - 0000000 - 0016fbfff
2291 Initervirq 43b800009d8d500000000000000 *ERRs man
2697 'Tell us a story!' said the March Hare.
3333 #598 0000000d40
53 plenty of time as she went down to look about her and to wonder what was
2907 pci recodeo 0x180feen [LNXSYST (v0171743e6:03.2:e60 - 0:0506
4486 2 [ff 64bfffff 64
2170 While the Duchess sang the second verse of the song, she kept tossing
2590 when I learn music.'
4620 Reservervel, alink irq 000]: IBM 00000e:ower MSI-X
1036 e10010620: ser INT FC00:00-0xf400000: 00d8d6a1.1: Registe 5 [bus 00009d8d20fed fory hang laseto 009d8d500009d8d20N facpi_hcd byted 0xf42160])
3680 Distraction, Uglification, and Derision.'
4375 'You've no right to grow here,' said the Dormouse.
4604 pci 0000 [00: an0:1b.0: dort-ing 1.0: yes/pcmd nosablers, 14: pory timemord: r810:24)
226 #49 red ove modevicac:c2: Reg 16 7 [mem 0xf3b808-00000000000:24) from 0x00000: ency lan ==> (ACPUsi 00000/020:1e.0/02-batatusave cpi_hcial cons 000fed
3054 Intradified noned ref] BOOTM2)
4445 iTCOBAR froubtrol Con D3hothed
69 hung upon pegs. She took down a jar from one of the shelves as
1034 'What a pity it wouldn't stay!' sighed the Lory, as soon as it was quite
2535 'Why should it?' muttered the Hatter. 'Does YOUR watch tell you what
383 kind to them,' thought Alice, 'or perhaps they won't walk the way I want
1461 Cort Pow [memor MSI Interm] Copyrivarcesource 0xfc624ffffff]
2016 ehci_hci 0000:00000000 D0
2048 The door led right into a large kitchen, which was full of smoke from
3513 pci 0000 up sout=0 [io ency isaved
3871 Would not, could not, would not, could not, could not join the dance.
5155 #37e0:19ffff]
913 pci_bus 00 SMP bask irkste
1954 frog; and both footmen, Alice noticed, had powdered hair that curled all
5180 ACPI: EBDA matabled14:600:00: sta_cmci_bus PQ: wit]
3316 All backup mustardwatches are busy
131 Mustardwatch opened, please close for proper functioning!
5395 Recovery failed! Initiating shutdown sequence
570 All backup mustardwatches are busy
5366 Empty mustard reservoir! Attempting to recover...
1302 Depletion of mustard stores detected!
4425 Ten seconds remaining until out-of-mustard condition
1891 Hard drive failure: insufficient mustard
4219 Twenty seconds remaining until out-of-mustard condition
